<?xml version="1.0" encoding="UTF-8"?>
<!-- Generated by org.testng.reporters.JUnitReportReporter -->
<testsuite hostname="DESKTOP-ARSCANS" failures="0" tests="3" name="mvn.MainTest" time="30.684" errors="0" timestamp="2023-08-22T10:43:06 IST" skipped="0">
  <testcase classname="mvn.MainTest" name="loginDetails" time="7.805"/>
  <system-out/>
  <testcase classname="mvn.MainTest" name="sideMenu" time="20.670"/>
  <system-out/>
  <testcase classname="mvn.MainTest" name="addToCart" time="2.209"/>
  <system-out/>
</testsuite> <!-- mvn.MainTest -->
